<?xml version="1.0" encoding="UTF-8"?>
<testng-results ignored="0" total="1" passed="1" failed="0" skipped="0">
  <reporter-output>
  </reporter-output>
  <suite started-at="2024-09-12T15:17:42 IST" name="Surefire suite" finished-at="2024-09-12T15:17:42 IST" duration-ms="45">
    <groups>
    </groups>
    <test started-at="2024-09-12T15:17:42 IST" name="Surefire test" finished-at="2024-09-12T15:17:42 IST" duration-ms="45">
      <class name="TaskTestNG.TaskTestNG.AppTest">
        <test-method signature="testApp()[pri:0, instance:testApp(TaskTestNG.TaskTestNG.AppTest)]" started-at="2024-09-12T15:17:42 IST" name="testApp" finished-at="2024-09-12T15:17:42 IST" duration-ms="9" status="PASS">
          <reporter-output>
          </reporter-output>
        </test-method> <!-- testApp -->
      </class> <!-- TaskTestNG.TaskTestNG.AppTest -->
    </test> <!-- Surefire test -->
  </suite> <!-- Surefire suite -->
</testng-results>
