<?xml version="1.0" encoding="UTF-8"?>
<testng-results ignored="0" total="1" passed="1" failed="0" skipped="0">
  <reporter-output>
  </reporter-output>
  <suite started-at="2024-09-18T14:14:19 IST" name="Suite" finished-at="2024-09-18T14:14:32 IST" duration-ms="13081">
    <groups>
    </groups>
    <test started-at="2024-09-18T14:14:19 IST" name="Test" finished-at="2024-09-18T14:14:32 IST" duration-ms="13081">
      <class name="InstaID.InstaTest">
        <test-method is-config="true" signature="set()[pri:0, instance:InstaID.InstaTest@58e1d9d]" started-at="2024-09-18T14:14:19 IST" name="set" finished-at="2024-09-18T14:14:27 IST" duration-ms="7718" status="PASS">
          <reporter-output>
          </reporter-output>
        </test-method> <!-- set -->
        <test-method signature="testLogin()[pri:0, instance:InstaID.InstaTest@58e1d9d]" started-at="2024-09-18T14:14:27 IST" name="testLogin" finished-at="2024-09-18T14:14:29 IST" duration-ms="2337" status="PASS">
          <reporter-output>
          </reporter-output>
        </test-method> <!-- testLogin -->
        <test-method is-config="true" signature="tearDown()[pri:0, instance:InstaID.InstaTest@58e1d9d]" started-at="2024-09-18T14:14:29 IST" name="tearDown" finished-at="2024-09-18T14:14:32 IST" duration-ms="2997" status="PASS">
          <reporter-output>
          </reporter-output>
        </test-method> <!-- tearDown -->
      </class> <!-- InstaID.InstaTest -->
    </test> <!-- Test -->
  </suite> <!-- Suite -->
</testng-results>
