<?xml version="1.0" encoding="UTF-8"?>
<testng-results ignored="0" total="1" passed="1" failed="0" skipped="0">
  <reporter-output>
  </reporter-output>
  <suite started-at="2024-10-03T12:09:50 IST" name="Suite" finished-at="2024-10-03T12:10:24 IST" duration-ms="33778">
    <groups>
    </groups>
    <test started-at="2024-10-03T12:09:50 IST" name="Test" finished-at="2024-10-03T12:10:24 IST" duration-ms="33778">
      <class name="InstaID.InstaTest">
        <test-method is-config="true" signature="set()[pri:0, instance:InstaID.InstaTest@4f0f2942]" started-at="2024-10-03T12:09:50 IST" name="set" finished-at="2024-10-03T12:10:15 IST" duration-ms="24812" status="PASS">
          <reporter-output>
          </reporter-output>
        </test-method> <!-- set -->
        <test-method signature="testLogin()[pri:0, instance:InstaID.InstaTest@4f0f2942]" started-at="2024-10-03T12:10:15 IST" name="testLogin" finished-at="2024-10-03T12:10:19 IST" duration-ms="3887" status="PASS">
          <reporter-output>
          </reporter-output>
        </test-method> <!-- testLogin -->
        <test-method is-config="true" signature="tearDown()[pri:0, instance:InstaID.InstaTest@4f0f2942]" started-at="2024-10-03T12:10:19 IST" name="tearDown" finished-at="2024-10-03T12:10:24 IST" duration-ms="5012" status="PASS">
          <reporter-output>
          </reporter-output>
        </test-method> <!-- tearDown -->
      </class> <!-- InstaID.InstaTest -->
    </test> <!-- Test -->
  </suite> <!-- Suite -->
</testng-results>
