<?xml version="1.0" encoding="UTF-8"?>
<!-- Generated by org.testng.reporters.JUnitXMLReporter -->
<testsuite ignored="1" hostname="DESKTOP-MQCV3QO" failures="1" tests="19" name="Test" time="0.111" errors="0" timestamp="2024-08-21T12:23:16 IST">
  <testcase classname="TestNG.Class06" name="z" time="0.019">
    <failure type="java.lang.AssertionError">
      <![CDATA[java.lang.AssertionError
at org.junit.Assert.fail(Assert.java:86)
at org.junit.Assert.assertTrue(Assert.java:41)
at org.junit.Assert.assertTrue(Assert.java:52)
at TestNG.Class06.z(Class06.java:10)
at java.base/java.util.ArrayList.forEach(ArrayList.java:1597)
... Removed 25 stack frames]]>
    </failure>
  </testcase> <!-- z -->
  <testcase classname="TestNG.Class06" name="b" time="0.0">
    <skipped/>
  </testcase> <!-- b -->
  <testcase classname="TestNG.Class05" name="b" time="0.001"/>
  <testcase classname="TestNG.Class05" name="b" time="0.001"/>
  <testcase classname="TestNG.Class05" name="a" time="0.002"/>
  <testcase classname="TestNG.Class05" name="c" time="0.002"/>
  <testcase classname="TestNG.Class05" name="c" time="0.0"/>
  <testcase classname="TestNG.Class04" name="c" time="0.0"/>
  <testcase classname="TestNG.Class04" name="f" time="0.001">
    <skipped/>
  </testcase> <!-- f -->
  <testcase classname="TestNG.Class03" name="a" time="0.002"/>
  <testcase classname="TestNG.Class03" name="c" time="0.001"/>
  <testcase classname="TestNG.Class03" name="d" time="0.002"/>
  <testcase classname="TestNG.Class03" name="b" time="0.001"/>
  <testcase classname="TestNG.Class02" name="a1" time="0.001"/>
  <testcase classname="TestNG.Class02" name="a3" time="0.002"/>
  <testcase classname="TestNG.Class02" name="ab" time="0.001"/>
  <testcase classname="TestNG.Class02" name="z" time="0.001"/>
  <testcase classname="TestNG.Class01" name="a1" time="0.001"/>
  <testcase classname="TestNG.Class01" name="a2" time="0.001"/>
  <testcase classname="TestNG.Class04" name="b" time="0.0">
    <ignored/>
  </testcase> <!-- b -->
</testsuite> <!-- Test -->
