<?xml version="1.0" encoding="UTF-8"?>
<testng-results total="1" passed="1" failed="0" skipped="0">
  <reporter-output>
  </reporter-output>
  <suite started-at="2024-08-21T11:40:36Z" name="Default suite" finished-at="2024-08-21T11:40:36Z" duration-ms="33">
    <groups>
    </groups>
    <test started-at="2024-08-21T11:40:36Z" name="Default test" finished-at="2024-08-21T11:40:36Z" duration-ms="33">
      <class name="TestNG.Assertion5">
        <test-method signature="testCase5()[pri:0, instance:TestNG.Assertion5@45312be2]" started-at="2024-08-21T17:10:36Z" name="testCase5" finished-at="2024-08-21T17:10:36Z" duration-ms="17" status="PASS">
          <reporter-output>
          </reporter-output>
        </test-method> <!-- testCase5 -->
      </class> <!-- TestNG.Assertion5 -->
    </test> <!-- Default test -->
  </suite> <!-- Default suite -->
</testng-results>
